#
# A fatal error has been detected by the Java Runtime Environment:
#
#  EXCEPTION_ACCESS_VIOLATION (0xc0000005) at pc=0x00007fffe7fac58e, pid=19632, tid=8176
#
# JRE version:  (21.0.7+8) (build )
# Java VM: Java HotSpot(TM) 64-Bit Server VM (21.0.7+8-LTS-245, mixed mode, sharing, tiered, compressed oops, compressed class ptrs, g1 gc, windows-amd64)
# Problematic frame:
# V  [jvm.dll+0x30c58e]
#
# No core dump will be written. Minidumps are not enabled by default on client versions of Windows
#
#

---------------  S U M M A R Y ------------

Command Line: -Dclassworlds.conf=C:\Users\agste_765q4js\.m2\wrapper\dists\apache-maven-3.9.9\977a63e90f436cd6ade95b4c0e10c20c\bin\m2.conf -Dmaven.home=C:\Users\agste_765q4js\.m2\wrapper\dists\apache-maven-3.9.9\977a63e90f436cd6ade95b4c0e10c20c -Dlibrary.jansi.path=C:\Users\agste_765q4js\.m2\wrapper\dists\apache-maven-3.9.9\977a63e90f436cd6ade95b4c0e10c20c\lib\jansi-native -Dmaven.multiModuleProjectDirectory=C:\Gerenciamento_de_estoque org.codehaus.plexus.classworlds.launcher.Launcher -q -DskipTests=false test

Host: AMD Ryzen 5 5600G with Radeon Graphics         , 12 cores, 31G,  Windows 11 , 64 bit Build 26100 (10.0.26100.4768)
Time: Mon Aug 18 20:35:08 2025 Hora oficial do Brasil elapsed time: 0.017029 seconds (0d 0h 0m 0s)

---------------  T H R E A D  ---------------

Current thread (0x0000024596fe2410):  JavaThread "Unknown thread" [_thread_in_vm, id=8176, stack(0x00000061c6d00000,0x00000061c6e00000) (1024K)]

Stack: [0x00000061c6d00000,0x00000061c6e00000],  sp=0x00000061c6dff240,  free space=1020k
Native frames: (J=compiled Java code, j=interpreted, Vv=VM code, C=native code)
V  [jvm.dll+0x30c58e]
V  [jvm.dll+0x30ced8]
V  [jvm.dll+0x675369]
V  [jvm.dll+0x675599]
V  [jvm.dll+0x674951]
V  [jvm.dll+0x670108]
V  [jvm.dll+0x81eb45]
V  [jvm.dll+0x3bb211]
V  [jvm.dll+0x807d78]
V  [jvm.dll+0x4503ee]
V  [jvm.dll+0x451fe1]
C  [jli.dll+0x52a3]
C  [ucrtbase.dll+0x37b0]
C  [KERNEL32.DLL+0x2e8d7]
C  [ntdll.dll+0x3c34c]


siginfo: EXCEPTION_ACCESS_VIOLATION (0xc0000005), reading address 0x0000000000000000


Registers:
RAX=0x0000fcd2bde08a3e, RBX=0x0000000000000000, RCX=0x0000000000000000, RDX=0x0000000000000001
RSP=0x00000061c6dff240, RBP=0x0000000000000001, RSI=0x00000245b63b6070, RDI=0x00000245b4b48fd0
R8 =0x0000000000000001, R9 =0x0000000000000001, R10=0x0000000000000000, R11=0x0000000000000246
R12=0x0000000000000000, R13=0x0000024596fca220, R14=0x0000000000000001, R15=0x00000245b6000000
RIP=0x00007fffe7fac58e, EFLAGS=0x0000000000010246


Top of Stack: (sp=0x00000061c6dff240)
0x00000061c6dff240:   0000000800c90000 00000245b6000000
0x00000061c6dff250:   00000245b6c90000 0000023db6000000
0x00000061c6dff260:   00000245b6000000 0000000000000001
0x00000061c6dff270:   00000061c6dff380 0000000000000000
0x00000061c6dff280:   0000fcd2bde089ce 0000023db6000000
0x00000061c6dff290:   0000fcd2bde08a3e 00000061c6dff4d0
0x00000061c6dff2a0:   00000245b4b48fd0 00007fffe7faced8
0x00000061c6dff2b0:   00000245b6000000 0000000000000000
0x00000061c6dff2c0:   0000000000000000 0000000000000000
0x00000061c6dff2d0:   00000245b6000000 0000000001000000
0x00000061c6dff2e0:   0000000000000000 0000000000010000
0x00000061c6dff2f0:   0000000000001000 ffffffff96fb0000
0x00000061c6dff300:   0000000000000000 0000000000000270
0x00000061c6dff310:   0000fcd2bde08ace 0000000000000000
0x00000061c6dff320:   0000000000000000 00007fffe8327510
0x00000061c6dff330:   0000000000000000 00000245b4b48fd0
0x00000061c6dff340:   00000061c6dff4d0 00007fffe8315369
0x00000061c6dff350:   0000000000000002 00007fffe886a370
0x00000061c6dff360:   00000245b4b48fd0 00000245b4b48fd0
0x00000061c6dff370:   00000061c6dff380 0000000000001000
0x00000061c6dff380:   00000245b6000000 0000000001000000
0x00000061c6dff390:   0000000000000000 0000000000010000
0x00000061c6dff3a0:   0000000000001000 ffffffff96fb0000
0x00000061c6dff3b0:   0000000000000000 00000245b4b48fd0
0x00000061c6dff3c0:   0000000000000000 00007fffe8315599
0x00000061c6dff3d0:   0000000000000000 0000000001000000
0x00000061c6dff3e0:   0000024596fe9cd0 0000000000000000
0x00000061c6dff3f0:   00000061c6dff400 00000061c6dff438
0x00000061c6dff400:   00000245b6000000 0000000001000000
0x00000061c6dff410:   0000000000000000 0000000000010000
0x00000061c6dff420:   0000000000001000 ffffffff96fb0000
0x00000061c6dff430:   0000000000000000 00000245b7000000 

Instructions: (pc=0x00007fffe7fac58e)
0x00007fffe7fac48e:   e8 8d 95 db ff 48 8b 05 86 98 90 00 48 85 c0 74
0x00007fffe7fac49e:   1b 44 0f b6 83 a9 01 00 00 48 8d 0d e2 2d 6c 00
0x00007fffe7fac4ae:   0f b6 93 a8 01 00 00 e8 d6 46 db ff 0f b6 05 0c
0x00007fffe7fac4be:   91 91 00 38 83 a8 01 00 00 75 67 0f b6 05 ea 20
0x00007fffe7fac4ce:   8b 00 38 83 a9 01 00 00 75 58 80 bb 01 03 00 00
0x00007fffe7fac4de:   00 75 1f 48 8b 05 38 98 90 00 c6 05 31 de 8b 00
0x00007fffe7fac4ee:   00 48 85 c0 74 0c 48 8d 0d 95 2e 6c 00 e8 90 46
0x00007fffe7fac4fe:   db ff 80 bb 02 03 00 00 00 75 1f 48 8b 05 10 98
0x00007fffe7fac50e:   90 00 c6 05 0a de 8b 00 00 48 85 c0 74 0c 48 8d
0x00007fffe7fac51e:   0d dd 2e 6c 00 e8 68 46 db ff b0 01 48 83 c4 20
0x00007fffe7fac52e:   5b c3 48 8b 05 e9 97 90 00 48 85 c0 74 0c 48 8d
0x00007fffe7fac53e:   0d ad 2d 6c 00 e8 48 46 db ff 32 c0 48 83 c4 20
0x00007fffe7fac54e:   5b c3 48 89 5c 24 10 48 89 6c 24 18 48 89 74 24
0x00007fffe7fac55e:   20 57 48 83 ec 60 48 8b 05 ad b4 8d 00 48 33 c4
0x00007fffe7fac56e:   48 89 44 24 50 80 3d 56 1b 8b 00 00 0f b6 ea 48
0x00007fffe7fac57e:   8b f1 74 17 80 39 00 75 12 48 8b 0d 3a de 90 00
0x00007fffe7fac58e:   48 8b 01 ff 50 20 48 8b d8 eb 08 48 8b 59 18 48
0x00007fffe7fac59e:   83 c3 04 48 8b 05 18 df 90 00 40 b7 01 48 85 c0
0x00007fffe7fac5ae:   74 0f 48 8b d3 48 8d 0d ee 16 6c 00 e8 c1 e5 f0
0x00007fffe7fac5be:   ff 48 8d 54 24 20 48 8b cb e8 94 cc 3b 00 85 c0
0x00007fffe7fac5ce:   74 28 40 84 ed 74 23 48 8b 05 4c 97 90 00 48 85
0x00007fffe7fac5de:   c0 74 47 48 8b d3 48 8d 0d e5 16 6c 00 e8 30 94
0x00007fffe7fac5ee:   db ff 40 32 ff e9 12 01 00 00 80 3e 02 75 33 48
0x00007fffe7fac5fe:   8b cb e8 ab 6d 3b 00 84 c0 0f 85 fd 00 00 00 48
0x00007fffe7fac60e:   8b 05 14 97 90 00 48 85 c0 74 0f 48 8b d3 48 8d
0x00007fffe7fac61e:   0d dd 16 6c 00 e8 f8 93 db ff 40 32 ff e9 da 00
0x00007fffe7fac62e:   00 00 48 8b 46 08 48 85 c0 74 07 48 3b 44 24 40
0x00007fffe7fac63e:   75 0f 48 63 44 24 34 48 39 46 10 0f 84 bb 00 00
0x00007fffe7fac64e:   00 48 8b 05 d2 96 90 00 40 32 ff 40 38 3d 6b 8f
0x00007fffe7fac65e:   91 00 74 2b 48 85 c0 0f 84 9f 00 00 00 48 8b 46
0x00007fffe7fac66e:   08 48 8d 15 aa 16 6c 00 48 3b 44 24 40 48 8d 0d
0x00007fffe7fac67e:   b6 16 6c 00 48 0f 45 ca e8 95 93 db ff eb 7d 48 



---------------  P R O C E S S  ---------------

Threads class SMR info:
_java_thread_list=0x00007fffe886cc48, length=0, elements={
}

Java Threads: ( => current thread )
Total: 0

Other Threads:
  0x00000245993d6890 WorkerThread "GC Thread#0"                     [id=14128, stack(0x00000061c6e00000,0x00000061c6f00000) (1024K)]
  0x00000245993e8230 ConcurrentGCThread "G1 Main Marker"            [id=6772, stack(0x00000061c6f00000,0x00000061c7000000) (1024K)]
  0x00000245993e8d30 WorkerThread "G1 Conc#0"                       [id=3480, stack(0x00000061c7000000,0x00000061c7100000) (1024K)]
  0x00000245b4b42ac0 ConcurrentGCThread "G1 Refine#0"               [id=3932, stack(0x00000061c7100000,0x00000061c7200000) (1024K)]
  0x00000245b4b43630 ConcurrentGCThread "G1 Service"                [id=6024, stack(0x00000061c7200000,0x00000061c7300000) (1024K)]

=>0x0000024596fe2410 (exited) JavaThread "Unknown thread"    [_thread_in_vm, id=8176, stack(0x00000061c6d00000,0x00000061c6e00000) (1024K)]
Total: 6

Threads with active compile tasks:
Total: 0

VM state: not at safepoint (not fully initialized)

VM Mutex/Monitor currently owned by a thread: None

Heap address: 0x0000000609800000, size: 8040 MB, Compressed Oops mode: Zero based, Oop shift amount: 3

CDS archive(s) mapped at: [0x0000000000000000-0x0000000000000000-0x0000000000000000), size 0, SharedBaseAddress: 0x0000000800000000, ArchiveRelocationMode: 1.
Narrow klass base: 0x0000000000000000, Narrow klass shift: 0, Narrow klass range: 0x0

GC Precious Log:
 CardTable entry size: 512
 Card Set container configuration: InlinePtr #cards 4 size 8 Array Of Cards #cards 32 size 80 Howl #buckets 8 coarsen threshold 7372 Howl Bitmap #cards 1024 size 144 coarsen threshold 921 Card regions per heap region 1 cards per card region 8192
 CPUs: 12 total, 12 available
 Memory: 32147M
 Large Page Support: Disabled
 NUMA Support: Disabled
 Compressed Oops: Enabled (Zero based)
 Heap Region Size: 4M
 Heap Min Capacity: 8M
 Heap Initial Capacity: 504M
 Heap Max Capacity: 8040M
 Pre-touch: Disabled
 Parallel Workers: 10
 Concurrent Workers: 3
 Concurrent Refinement Workers: 10
 Periodic GC: Disabled

Heap:
 garbage-first heap   total 516096K, used 0K [0x0000000609800000, 0x0000000800000000)
  region size 4096K, 0 young (0K), 0 survivors (0K)

[error occurred during error reporting (printing heap information), id 0xc0000005, EXCEPTION_ACCESS_VIOLATION (0xc0000005) at pc=0x00007fffe83c3e79]
GC Heap History (0 events):
No events

Dll operation events (1 events):
Event: 0.005 Loaded shared library c:\Gerenciamento_de_estoque\jdk-21_windows-x64_bin\jdk-21.0.7\bin\java.dll

Deoptimization events (0 events):
No events

Classes loaded (0 events):
No events

Classes unloaded (0 events):
No events

Classes redefined (0 events):
No events

Internal exceptions (0 events):
No events

ZGC Phase Switch (0 events):
No events

VM Operations (0 events):
No events

Events (0 events):
No events


Dynamic libraries:
0x00007ff7ad060000 - 0x00007ff7ad070000 	c:\Gerenciamento_de_estoque\jdk-21_windows-x64_bin\jdk-21.0.7\bin\java.exe
0x00007ff821ea0000 - 0x00007ff822107000 	C:\WINDOWS\SYSTEM32\ntdll.dll
0x00007ff820f20000 - 0x00007ff820fe9000 	C:\WINDOWS\System32\KERNEL32.DLL
0x00007ff81f380000 - 0x00007ff81f770000 	C:\WINDOWS\System32\KERNELBASE.dll
0x00007ff81f810000 - 0x00007ff81f95b000 	C:\WINDOWS\System32\ucrtbase.dll
0x00007ff819f20000 - 0x00007ff819f39000 	c:\Gerenciamento_de_estoque\jdk-21_windows-x64_bin\jdk-21.0.7\bin\jli.dll
0x00007ff81a1f0000 - 0x00007ff81a20b000 	c:\Gerenciamento_de_estoque\jdk-21_windows-x64_bin\jdk-21.0.7\bin\VCRUNTIME140.dll
0x00007ff820ac0000 - 0x00007ff820b74000 	C:\WINDOWS\System32\ADVAPI32.dll
0x00007ff8219a0000 - 0x00007ff821a49000 	C:\WINDOWS\System32\msvcrt.dll
0x00007ff821d70000 - 0x00007ff821e16000 	C:\WINDOWS\System32\sechost.dll
0x00007ff821c40000 - 0x00007ff821d58000 	C:\WINDOWS\System32\RPCRT4.dll
0x00007ff820d50000 - 0x00007ff820f15000 	C:\WINDOWS\System32\USER32.dll
0x00007ff81fc00000 - 0x00007ff81fc27000 	C:\WINDOWS\System32\win32u.dll
0x00007ff821e20000 - 0x00007ff821e4b000 	C:\WINDOWS\System32\GDI32.dll
0x00007ff8115e0000 - 0x00007ff81187a000 	C:\WINDOWS\WinSxS\amd64_microsoft.windows.common-controls_6595b64144ccf1df_6.0.26100.4768_none_3e0c112ce331287c\COMCTL32.dll
0x00007ff81fac0000 - 0x00007ff81fbf8000 	C:\WINDOWS\System32\gdi32full.dll
0x00007ff81f2d0000 - 0x00007ff81f373000 	C:\WINDOWS\System32\msvcp_win.dll
0x00007ff818e00000 - 0x00007ff818e0b000 	C:\WINDOWS\SYSTEM32\VERSION.dll
0x00007ff820110000 - 0x00007ff82013f000 	C:\WINDOWS\System32\IMM32.DLL
0x00007ff819f10000 - 0x00007ff819f1c000 	c:\Gerenciamento_de_estoque\jdk-21_windows-x64_bin\jdk-21.0.7\bin\vcruntime140_1.dll
0x00007ff810640000 - 0x00007ff8106ce000 	c:\Gerenciamento_de_estoque\jdk-21_windows-x64_bin\jdk-21.0.7\bin\msvcp140.dll
0x00007fffe7ca0000 - 0x00007fffe89ba000 	c:\Gerenciamento_de_estoque\jdk-21_windows-x64_bin\jdk-21.0.7\bin\server\jvm.dll
0x00007ff821a50000 - 0x00007ff821ac4000 	C:\WINDOWS\System32\WS2_32.dll
0x00007ff81e100000 - 0x00007ff81e15e000 	C:\WINDOWS\SYSTEM32\POWRPROF.dll
0x00007ff818a40000 - 0x00007ff818a75000 	C:\WINDOWS\SYSTEM32\WINMM.dll
0x00007ff81e090000 - 0x00007ff81e0a4000 	C:\WINDOWS\SYSTEM32\UMPDC.dll
0x00007ff81ddc0000 - 0x00007ff81dddb000 	C:\WINDOWS\SYSTEM32\kernel.appcore.dll
0x00007ff819f00000 - 0x00007ff819f0a000 	c:\Gerenciamento_de_estoque\jdk-21_windows-x64_bin\jdk-21.0.7\bin\jimage.dll
0x00007ff815700000 - 0x00007ff815941000 	C:\WINDOWS\SYSTEM32\DBGHELP.DLL
0x00007ff821510000 - 0x00007ff821895000 	C:\WINDOWS\System32\combase.dll
0x00007ff821ad0000 - 0x00007ff821bb0000 	C:\WINDOWS\System32\OLEAUT32.dll
0x00007ff812810000 - 0x00007ff812853000 	C:\WINDOWS\SYSTEM32\dbgcore.DLL
0x00007ff81f960000 - 0x00007ff81f9f9000 	C:\WINDOWS\System32\bcryptPrimitives.dll
0x00007ff810740000 - 0x00007ff81075f000 	c:\Gerenciamento_de_estoque\jdk-21_windows-x64_bin\jdk-21.0.7\bin\java.dll

dbghelp: loaded successfully - version: 4.0.5 - missing functions: none
symbol engine: initialized successfully - sym options: 0x614 - pdb path: .;c:\Gerenciamento_de_estoque\jdk-21_windows-x64_bin\jdk-21.0.7\bin;C:\WINDOWS\SYSTEM32;C:\WINDOWS\WinSxS\amd64_microsoft.windows.common-controls_6595b64144ccf1df_6.0.26100.4768_none_3e0c112ce331287c;c:\Gerenciamento_de_estoque\jdk-21_windows-x64_bin\jdk-21.0.7\bin\server

VM Arguments:
jvm_args: -Dclassworlds.conf=C:\Users\agste_765q4js\.m2\wrapper\dists\apache-maven-3.9.9\977a63e90f436cd6ade95b4c0e10c20c\bin\m2.conf -Dmaven.home=C:\Users\agste_765q4js\.m2\wrapper\dists\apache-maven-3.9.9\977a63e90f436cd6ade95b4c0e10c20c -Dlibrary.jansi.path=C:\Users\agste_765q4js\.m2\wrapper\dists\apache-maven-3.9.9\977a63e90f436cd6ade95b4c0e10c20c\lib\jansi-native -Dmaven.multiModuleProjectDirectory=C:\Gerenciamento_de_estoque 
java_command: org.codehaus.plexus.classworlds.launcher.Launcher -q -DskipTests=false test
java_class_path (initial): C:\Users\agste_765q4js\.m2\wrapper\dists\apache-maven-3.9.9\977a63e90f436cd6ade95b4c0e10c20c\boot\plexus-classworlds-2.8.0.jar
Launcher Type: SUN_STANDARD

[Global flags]
     intx CICompilerCount                          = 4                                         {product} {ergonomic}
     uint ConcGCThreads                            = 3                                         {product} {ergonomic}
     uint G1ConcRefinementThreads                  = 10                                        {product} {ergonomic}
   size_t G1HeapRegionSize                         = 4194304                                   {product} {ergonomic}
    uintx GCDrainStackTargetSize                   = 64                                        {product} {ergonomic}
   size_t InitialHeapSize                          = 528482304                                 {product} {ergonomic}
   size_t MarkStackSize                            = 4194304                                   {product} {ergonomic}
   size_t MaxHeapSize                              = 8430551040                                {product} {ergonomic}
   size_t MaxNewSize                               = 5058330624                                {product} {ergonomic}
   size_t MinHeapDeltaBytes                        = 4194304                                   {product} {ergonomic}
   size_t MinHeapSize                              = 8388608                                   {product} {ergonomic}
    uintx NonNMethodCodeHeapSize                   = 5839372                                {pd product} {ergonomic}
    uintx NonProfiledCodeHeapSize                  = 122909434                              {pd product} {ergonomic}
    uintx ProfiledCodeHeapSize                     = 122909434                              {pd product} {ergonomic}
    uintx ReservedCodeCacheSize                    = 251658240                              {pd product} {ergonomic}
     bool SegmentedCodeCache                       = true                                      {product} {ergonomic}
   size_t SoftMaxHeapSize                          = 8430551040                             {manageable} {ergonomic}
     bool UseCompressedOops                        = true                           {product lp64_product} {ergonomic}
     bool UseG1GC                                  = true                                      {product} {ergonomic}
     bool UseLargePagesIndividualAllocation        = false                                  {pd product} {ergonomic}

Logging:
Log output configuration:
 #0: stdout all=warning uptime,level,tags foldmultilines=false
 #1: stderr all=off uptime,level,tags foldmultilines=false

Environment Variables:
JAVA_HOME=c:\Gerenciamento_de_estoque\jdk-21_windows-x64_bin\jdk-21.0.7
PATH=c:\Gerenciamento_de_estoque\jdk-21_windows-x64_bin\jdk-21.0.7\bin;C:\Program Files\Common Files\Oracle\Java\javapath;C:\WINDOWS\system32;C:\WINDOWS;C:\WINDOWS\System32\Wbem;C:\WINDOWS\System32\WindowsPowerShell\v1.0\;C:\WINDOWS\System32\OpenSSH\;C:\Program Files\Git LFS;C:\Program Files\Git\cmd;d:\cursor\resources\app\bin;C:\Program Files\nodejs\;C:\Users\agste_765q4js\AppData\Local\Microsoft\WindowsApps;C:\Users\agste_765q4js\AppData\Local\Programs\Microsoft VS Code\bin;C:\Users\agste_765q4js\AppData\Roaming\npm;C:\Users\agste_765q4js\AppData\Local\Programs\cursor\resources\app\bin
USERNAME=agste_765q4js
TERM=xterm
OS=Windows_NT
PROCESSOR_IDENTIFIER=AMD64 Family 25 Model 80 Stepping 0, AuthenticAMD
TMP=C:\Users\AGSTE_~1\AppData\Local\Temp
TEMP=C:\Users\AGSTE_~1\AppData\Local\Temp




Periodic native trim disabled

---------------  S Y S T E M  ---------------

OS:
 Windows 11 , 64 bit Build 26100 (10.0.26100.4768)
OS uptime: 5 days 3:12 hours

CPU: total 12 (initial active 12) (12 cores per cpu, 2 threads per core) family 25 model 80 stepping 0 microcode 0xa50000d, cx8, cmov, fxsr, ht, mmx, 3dnowpref, sse, sse2, sse3, ssse3, sse4a, sse4.1, sse4.2, popcnt, lzcnt, tsc, tscinvbit, avx, avx2, aes, erms, clmul, bmi1, bmi2, adx, sha, fma, vzeroupper, clflush, clflushopt, rdtscp, rdpid, fsrm, f16c, pku, cet_ss
Processor Information for all 12 processors :
  Max Mhz: 3901, Current Mhz: 3901, Mhz Limit: 3901

Memory: 4k page, system-wide physical 32147M (15493M free)
TotalPageFile size 34195M (AvailPageFile size 13458M)
current process WorkingSet (physical memory assigned to process): 27M, peak: 27M
current process commit charge ("private bytes"): 592M, peak: 592M

vm_info: Java HotSpot(TM) 64-Bit Server VM (21.0.7+8-LTS-245) for windows-amd64 JRE (21.0.7+8-LTS-245), built on 2025-02-21T05:11:27Z by "mach5one" with MS VC++ 17.6 (VS2022)

END.
