#
# A fatal error has been detected by the Java Runtime Environment:
#
#  EXCEPTION_ACCESS_VIOLATION (0xc0000005) at pc=0x00007ffbd3b6c58e, pid=6148, tid=11804
#
# JRE version:  (21.0.7+8) (build )
# Java VM: Java HotSpot(TM) 64-Bit Server VM (21.0.7+8-LTS-245, mixed mode, sharing, tiered, compressed oops, compressed class ptrs, g1 gc, windows-amd64)
# Problematic frame:
# V  [jvm.dll+0x30c58e]
#
# No core dump will be written. Minidumps are not enabled by default on client versions of Windows
#
#

---------------  S U M M A R Y ------------

Command Line: 

Host: AMD Ryzen 5 5600G with Radeon Graphics         , 12 cores, 31G,  Windows 11 , 64 bit Build 26100 (10.0.26100.3912)
Time: Tue Jul 15 20:14:50 2025 Hora oficial do Brasil elapsed time: 0.024405 seconds (0d 0h 0m 0s)

---------------  T H R E A D  ---------------

Current thread (0x000002c737300800):  JavaThread "Unknown thread" [_thread_in_vm, id=11804, stack(0x000000f0b6500000,0x000000f0b6600000) (1024K)]

Stack: [0x000000f0b6500000,0x000000f0b6600000],  sp=0x000000f0b65ff3c0,  free space=1020k
Native frames: (J=compiled Java code, j=interpreted, Vv=VM code, C=native code)
V  [jvm.dll+0x30c58e]
V  [jvm.dll+0x30ced8]
V  [jvm.dll+0x675369]
V  [jvm.dll+0x675599]
V  [jvm.dll+0x674951]
V  [jvm.dll+0x670108]
V  [jvm.dll+0x81eb45]
V  [jvm.dll+0x3bb211]
V  [jvm.dll+0x807d78]
V  [jvm.dll+0x4503ee]
V  [jvm.dll+0x451fe1]
C  [jli.dll+0x52a3]
C  [ucrtbase.dll+0x37b0]
C  [KERNEL32.DLL+0x2e8d7]
C  [ntdll.dll+0x9c5dc]


siginfo: EXCEPTION_ACCESS_VIOLATION (0xc0000005), reading address 0x0000000000000000


Registers:
RAX=0x00009e833d7fe12d, RBX=0x0000000000000000, RCX=0x0000000000000000, RDX=0x0000000000000001
RSP=0x000000f0b65ff3c0, RBP=0x0000000000000001, RSI=0x000002c7563b6070, RDI=0x000002c754e52d70
R8 =0x0000000000000001, R9 =0x0000000000000001, R10=0x0000000000000000, R11=0x0000000000000246
R12=0x0000000000000000, R13=0x0000000000000000, R14=0x0000000000000001, R15=0x000002c756000000
RIP=0x00007ffbd3b6c58e, EFLAGS=0x0000000000010246


Top of Stack: (sp=0x000000f0b65ff3c0)
0x000000f0b65ff3c0:   0000000800c90000 000002c756000000
0x000000f0b65ff3d0:   000002c756c90000 000002bf56000000
0x000000f0b65ff3e0:   000002c756000000 0000000000000001
0x000000f0b65ff3f0:   000000f0b65ff500 0000000000000000
0x000000f0b65ff400:   00009e833d7fe1dd 000002bf56000000
0x000000f0b65ff410:   00009e833d7fe12d 000000f0b65ff650
0x000000f0b65ff420:   000002c754e52d70 00007ffbd3b6ced8
0x000000f0b65ff430:   000002c756000000 0000000000000000
0x000000f0b65ff440:   0000000000000000 0000000000000000
0x000000f0b65ff450:   000002c756000000 0000000001000000
0x000000f0b65ff460:   0000000000000000 0000000000010000
0x000000f0b65ff470:   0000000000001000 ffffffff372d0000
0x000000f0b65ff480:   0000000000000000 0000000000000254
0x000000f0b65ff490:   00009e833d7fe6dd 0000000000000000
0x000000f0b65ff4a0:   0000000000000000 00007ffbd3ee7510
0x000000f0b65ff4b0:   0000000000000000 000002c754e52d70
0x000000f0b65ff4c0:   000000f0b65ff650 00007ffbd3ed5369
0x000000f0b65ff4d0:   0000000000000002 00007ffbd442a370
0x000000f0b65ff4e0:   000002c754e52d70 000002c754e52d70
0x000000f0b65ff4f0:   000000f0b65ff500 0000000000001000
0x000000f0b65ff500:   000002c756000000 0000000001000000
0x000000f0b65ff510:   0000000000000000 0000000000010000
0x000000f0b65ff520:   0000000000001000 ffffffff372d0000
0x000000f0b65ff530:   0000000000000000 000002c754e52d70
0x000000f0b65ff540:   0000000000000000 00007ffbd3ed5599
0x000000f0b65ff550:   0000000000000000 0000000001000000
0x000000f0b65ff560:   000002c73731a160 0000000000000000
0x000000f0b65ff570:   000000f0b65ff580 000000f0b65ff5b8
0x000000f0b65ff580:   000002c756000000 0000000001000000
0x000000f0b65ff590:   0000000000000000 0000000000010000
0x000000f0b65ff5a0:   0000000000001000 ffffffff372d0000
0x000000f0b65ff5b0:   0000000000000000 000002c757000000 

Instructions: (pc=0x00007ffbd3b6c58e)
0x00007ffbd3b6c48e:   e8 8d 95 db ff 48 8b 05 86 98 90 00 48 85 c0 74
0x00007ffbd3b6c49e:   1b 44 0f b6 83 a9 01 00 00 48 8d 0d e2 2d 6c 00
0x00007ffbd3b6c4ae:   0f b6 93 a8 01 00 00 e8 d6 46 db ff 0f b6 05 0c
0x00007ffbd3b6c4be:   91 91 00 38 83 a8 01 00 00 75 67 0f b6 05 ea 20
0x00007ffbd3b6c4ce:   8b 00 38 83 a9 01 00 00 75 58 80 bb 01 03 00 00
0x00007ffbd3b6c4de:   00 75 1f 48 8b 05 38 98 90 00 c6 05 31 de 8b 00
0x00007ffbd3b6c4ee:   00 48 85 c0 74 0c 48 8d 0d 95 2e 6c 00 e8 90 46
0x00007ffbd3b6c4fe:   db ff 80 bb 02 03 00 00 00 75 1f 48 8b 05 10 98
0x00007ffbd3b6c50e:   90 00 c6 05 0a de 8b 00 00 48 85 c0 74 0c 48 8d
0x00007ffbd3b6c51e:   0d dd 2e 6c 00 e8 68 46 db ff b0 01 48 83 c4 20
0x00007ffbd3b6c52e:   5b c3 48 8b 05 e9 97 90 00 48 85 c0 74 0c 48 8d
0x00007ffbd3b6c53e:   0d ad 2d 6c 00 e8 48 46 db ff 32 c0 48 83 c4 20
0x00007ffbd3b6c54e:   5b c3 48 89 5c 24 10 48 89 6c 24 18 48 89 74 24
0x00007ffbd3b6c55e:   20 57 48 83 ec 60 48 8b 05 ad b4 8d 00 48 33 c4
0x00007ffbd3b6c56e:   48 89 44 24 50 80 3d 56 1b 8b 00 00 0f b6 ea 48
0x00007ffbd3b6c57e:   8b f1 74 17 80 39 00 75 12 48 8b 0d 3a de 90 00
0x00007ffbd3b6c58e:   48 8b 01 ff 50 20 48 8b d8 eb 08 48 8b 59 18 48
0x00007ffbd3b6c59e:   83 c3 04 48 8b 05 18 df 90 00 40 b7 01 48 85 c0
0x00007ffbd3b6c5ae:   74 0f 48 8b d3 48 8d 0d ee 16 6c 00 e8 c1 e5 f0
0x00007ffbd3b6c5be:   ff 48 8d 54 24 20 48 8b cb e8 94 cc 3b 00 85 c0
0x00007ffbd3b6c5ce:   74 28 40 84 ed 74 23 48 8b 05 4c 97 90 00 48 85
0x00007ffbd3b6c5de:   c0 74 47 48 8b d3 48 8d 0d e5 16 6c 00 e8 30 94
0x00007ffbd3b6c5ee:   db ff 40 32 ff e9 12 01 00 00 80 3e 02 75 33 48
0x00007ffbd3b6c5fe:   8b cb e8 ab 6d 3b 00 84 c0 0f 85 fd 00 00 00 48
0x00007ffbd3b6c60e:   8b 05 14 97 90 00 48 85 c0 74 0f 48 8b d3 48 8d
0x00007ffbd3b6c61e:   0d dd 16 6c 00 e8 f8 93 db ff 40 32 ff e9 da 00
0x00007ffbd3b6c62e:   00 00 48 8b 46 08 48 85 c0 74 07 48 3b 44 24 40
0x00007ffbd3b6c63e:   75 0f 48 63 44 24 34 48 39 46 10 0f 84 bb 00 00
0x00007ffbd3b6c64e:   00 48 8b 05 d2 96 90 00 40 32 ff 40 38 3d 6b 8f
0x00007ffbd3b6c65e:   91 00 74 2b 48 85 c0 0f 84 9f 00 00 00 48 8b 46
0x00007ffbd3b6c66e:   08 48 8d 15 aa 16 6c 00 48 3b 44 24 40 48 8d 0d
0x00007ffbd3b6c67e:   b6 16 6c 00 48 0f 45 ca e8 95 93 db ff eb 7d 48 



---------------  P R O C E S S  ---------------

Threads class SMR info:
_java_thread_list=0x00007ffbd442cc48, length=0, elements={
}

Java Threads: ( => current thread )
Total: 0

Other Threads:
  0x000002c7372f11c0 WorkerThread "GC Thread#0"                     [id=1204, stack(0x000000f0b6600000,0x000000f0b6700000) (1024K)]
  0x000002c7395d6b60 ConcurrentGCThread "G1 Main Marker"            [id=13472, stack(0x000000f0b6700000,0x000000f0b6800000) (1024K)]
  0x000002c7372f1560 WorkerThread "G1 Conc#0"                       [id=10220, stack(0x000000f0b6800000,0x000000f0b6900000) (1024K)]
  0x000002c754e4c1d0 ConcurrentGCThread "G1 Refine#0"               [id=13692, stack(0x000000f0b6900000,0x000000f0b6a00000) (1024K)]
  0x000002c754e4cb50 ConcurrentGCThread "G1 Service"                [id=13640, stack(0x000000f0b6a00000,0x000000f0b6b00000) (1024K)]

=>0x000002c737300800 (exited) JavaThread "Unknown thread"    [_thread_in_vm, id=11804, stack(0x000000f0b6500000,0x000000f0b6600000) (1024K)]
Total: 6

Threads with active compile tasks:
Total: 0

VM state: not at safepoint (not fully initialized)

VM Mutex/Monitor currently owned by a thread: None

Heap address: 0x0000000609800000, size: 8040 MB, Compressed Oops mode: Zero based, Oop shift amount: 3

CDS archive(s) mapped at: [0x0000000000000000-0x0000000000000000-0x0000000000000000), size 0, SharedBaseAddress: 0x0000000800000000, ArchiveRelocationMode: 1.
Narrow klass base: 0x0000000000000000, Narrow klass shift: 0, Narrow klass range: 0x0

GC Precious Log:
 CardTable entry size: 512
 Card Set container configuration: InlinePtr #cards 4 size 8 Array Of Cards #cards 32 size 80 Howl #buckets 8 coarsen threshold 7372 Howl Bitmap #cards 1024 size 144 coarsen threshold 921 Card regions per heap region 1 cards per card region 8192
 CPUs: 12 total, 12 available
 Memory: 32147M
 Large Page Support: Disabled
 NUMA Support: Disabled
 Compressed Oops: Enabled (Zero based)
 Heap Region Size: 4M
 Heap Min Capacity: 8M
 Heap Initial Capacity: 504M
 Heap Max Capacity: 8040M
 Pre-touch: Disabled
 Parallel Workers: 10
 Concurrent Workers: 3
 Concurrent Refinement Workers: 10
 Periodic GC: Disabled

Heap:
 garbage-first heap   total 516096K, used 0K [0x0000000609800000, 0x0000000800000000)
  region size 4096K, 0 young (0K), 0 survivors (0K)

[error occurred during error reporting (printing heap information), id 0xc0000005, EXCEPTION_ACCESS_VIOLATION (0xc0000005) at pc=0x00007ffbd3f83e79]
GC Heap History (0 events):
No events

Dll operation events (1 events):
Event: 0.010 Loaded shared library D:\Gerenciamento_de_estoque\jdk-21_windows-x64_bin\jdk-21.0.7\bin\java.dll

Deoptimization events (0 events):
No events

Classes loaded (0 events):
No events

Classes unloaded (0 events):
No events

Classes redefined (0 events):
No events

Internal exceptions (0 events):
No events

ZGC Phase Switch (0 events):
No events

VM Operations (0 events):
No events

Events (0 events):
No events


Dynamic libraries:
0x00007ff6ab370000 - 0x00007ff6ab380000 	D:\Gerenciamento_de_estoque\jdk-21_windows-x64_bin\jdk-21.0.7\bin\java.exe
0x00007ffc45aa0000 - 0x00007ffc45d06000 	C:\WINDOWS\SYSTEM32\ntdll.dll
0x00007ffc448f0000 - 0x00007ffc449b9000 	C:\WINDOWS\System32\KERNEL32.DLL
0x00007ffc43190000 - 0x00007ffc4355c000 	C:\WINDOWS\System32\KERNELBASE.dll
0x00007ffc42c60000 - 0x00007ffc42dab000 	C:\WINDOWS\System32\ucrtbase.dll
0x00007ffc39ab0000 - 0x00007ffc39ac9000 	D:\Gerenciamento_de_estoque\jdk-21_windows-x64_bin\jdk-21.0.7\bin\jli.dll
0x00007ffc440a0000 - 0x00007ffc44152000 	C:\WINDOWS\System32\ADVAPI32.dll
0x00007ffc457d0000 - 0x00007ffc45879000 	C:\WINDOWS\System32\msvcrt.dll
0x00007ffc44840000 - 0x00007ffc448e6000 	C:\WINDOWS\System32\sechost.dll
0x00007ffc44400000 - 0x00007ffc44516000 	C:\WINDOWS\System32\RPCRT4.dll
0x00007ffc454a0000 - 0x00007ffc4566a000 	C:\WINDOWS\System32\USER32.dll
0x00007ffc42c30000 - 0x00007ffc42c57000 	C:\WINDOWS\System32\win32u.dll
0x00007ffc44160000 - 0x00007ffc4418b000 	C:\WINDOWS\System32\GDI32.dll
0x00007ffc42fa0000 - 0x00007ffc430d2000 	C:\WINDOWS\System32\gdi32full.dll
0x00007ffc430e0000 - 0x00007ffc43183000 	C:\WINDOWS\System32\msvcp_win.dll
0x00007ffc39a90000 - 0x00007ffc39aab000 	D:\Gerenciamento_de_estoque\jdk-21_windows-x64_bin\jdk-21.0.7\bin\VCRUNTIME140.dll
0x00007ffc25ff0000 - 0x00007ffc2628a000 	C:\WINDOWS\WinSxS\amd64_microsoft.windows.common-controls_6595b64144ccf1df_6.0.26100.3912_none_3e07963ce335137e\COMCTL32.dll
0x00007ffc3bc30000 - 0x00007ffc3bc3b000 	C:\WINDOWS\SYSTEM32\VERSION.dll
0x00007ffc45790000 - 0x00007ffc457c0000 	C:\WINDOWS\System32\IMM32.DLL
0x00007ffc3fb00000 - 0x00007ffc3fb0c000 	D:\Gerenciamento_de_estoque\jdk-21_windows-x64_bin\jdk-21.0.7\bin\vcruntime140_1.dll
0x00007ffc39a00000 - 0x00007ffc39a8e000 	D:\Gerenciamento_de_estoque\jdk-21_windows-x64_bin\jdk-21.0.7\bin\msvcp140.dll
0x00007ffbd3860000 - 0x00007ffbd457a000 	D:\Gerenciamento_de_estoque\jdk-21_windows-x64_bin\jdk-21.0.7\bin\server\jvm.dll
0x00007ffc458f0000 - 0x00007ffc45964000 	C:\WINDOWS\System32\WS2_32.dll
0x00007ffc41820000 - 0x00007ffc4187e000 	C:\WINDOWS\SYSTEM32\POWRPROF.dll
0x00007ffc38350000 - 0x00007ffc38386000 	C:\WINDOWS\SYSTEM32\WINMM.dll
0x00007ffc41800000 - 0x00007ffc41814000 	C:\WINDOWS\SYSTEM32\UMPDC.dll
0x00007ffc41ad0000 - 0x00007ffc41aea000 	C:\WINDOWS\SYSTEM32\kernel.appcore.dll
0x00007ffc3bc90000 - 0x00007ffc3bc9a000 	D:\Gerenciamento_de_estoque\jdk-21_windows-x64_bin\jdk-21.0.7\bin\jimage.dll
0x00007ffc3c000000 - 0x00007ffc3c241000 	C:\WINDOWS\SYSTEM32\DBGHELP.DLL
0x00007ffc45110000 - 0x00007ffc45494000 	C:\WINDOWS\System32\combase.dll
0x00007ffc45970000 - 0x00007ffc45a50000 	C:\WINDOWS\System32\OLEAUT32.dll
0x00007ffc33a60000 - 0x00007ffc33a99000 	C:\WINDOWS\SYSTEM32\dbgcore.DLL
0x00007ffc42db0000 - 0x00007ffc42e49000 	C:\WINDOWS\System32\bcryptPrimitives.dll
0x00007ffc399e0000 - 0x00007ffc399ff000 	D:\Gerenciamento_de_estoque\jdk-21_windows-x64_bin\jdk-21.0.7\bin\java.dll

dbghelp: loaded successfully - version: 4.0.5 - missing functions: none
symbol engine: initialized successfully - sym options: 0x614 - pdb path: .;D:\Gerenciamento_de_estoque\jdk-21_windows-x64_bin\jdk-21.0.7\bin;C:\WINDOWS\SYSTEM32;C:\WINDOWS\WinSxS\amd64_microsoft.windows.common-controls_6595b64144ccf1df_6.0.26100.3912_none_3e07963ce335137e;D:\Gerenciamento_de_estoque\jdk-21_windows-x64_bin\jdk-21.0.7\bin\server

VM Arguments:
java_command: <unknown>
java_class_path (initial): <not set>
Launcher Type: SUN_STANDARD

[Global flags]
     intx CICompilerCount                          = 4                                         {product} {ergonomic}
     uint ConcGCThreads                            = 3                                         {product} {ergonomic}
     uint G1ConcRefinementThreads                  = 10                                        {product} {ergonomic}
   size_t G1HeapRegionSize                         = 4194304                                   {product} {ergonomic}
    uintx GCDrainStackTargetSize                   = 64                                        {product} {ergonomic}
   size_t InitialHeapSize                          = 528482304                                 {product} {ergonomic}
   size_t MarkStackSize                            = 4194304                                   {product} {ergonomic}
   size_t MaxHeapSize                              = 8430551040                                {product} {ergonomic}
   size_t MaxNewSize                               = 5058330624                                {product} {ergonomic}
   size_t MinHeapDeltaBytes                        = 4194304                                   {product} {ergonomic}
   size_t MinHeapSize                              = 8388608                                   {product} {ergonomic}
    uintx NonNMethodCodeHeapSize                   = 5839372                                {pd product} {ergonomic}
    uintx NonProfiledCodeHeapSize                  = 122909434                              {pd product} {ergonomic}
    uintx ProfiledCodeHeapSize                     = 122909434                              {pd product} {ergonomic}
    uintx ReservedCodeCacheSize                    = 251658240                              {pd product} {ergonomic}
     bool SegmentedCodeCache                       = true                                      {product} {ergonomic}
   size_t SoftMaxHeapSize                          = 8430551040                             {manageable} {ergonomic}
     bool UseCompressedOops                        = true                           {product lp64_product} {ergonomic}
     bool UseG1GC                                  = true                                      {product} {ergonomic}
     bool UseLargePagesIndividualAllocation        = false                                  {pd product} {ergonomic}

Logging:
Log output configuration:
 #0: stdout all=warning uptime,level,tags foldmultilines=false
 #1: stderr all=off uptime,level,tags foldmultilines=false

Environment Variables:
JAVA_HOME=D:\Gerenciamento_de_estoque\jdk-21_windows-x64_bin\jdk-21.0.7
PATH=C:\WINDOWS\system32;C:\WINDOWS;C:\WINDOWS\System32\Wbem;C:\WINDOWS\System32\WindowsPowerShell\v1.0\;C:\WINDOWS\System32\OpenSSH\;C:\ProgramData\chocolatey\bin;D:\nvm;D:\nodejs;D:\Git LFS;C:\Program Files\Docker\Docker\resources\bin;C:\Program Files\Git\cmd;d:\cursor\resources\app\bin;D:\Gerenciamento_de_estoque\jdk-21_windows-x64_bin\jdk-21.0.7\bin;C:\WINDOWS\system32;C:\WINDOWS;C:\WINDOWS\System32\Wbem;C:\WINDOWS\System32\WindowsPowerShell\v1.0\;C:\WINDOWS\System32\OpenSSH\;C:\ProgramData\chocolatey\bin;C:\Program Files\Docker\Docker\resources\bin;C:\Program Files\Git\cmd;C:\Users\agste_765q4js\AppData\Local\Microsoft\WindowsApps;D:\Microsoft VS Code\bin;D:\IntelliJ IDEA Community Edition 2025.1\bin;D:\nvm;D:\nodejs;D:\cursor\resources\app\bin;d:\Trae2\resources\app\bin\lib;C:\Users\agste_765q4js\.trae\tools\maven\latest\bin;C:\Users\agste_765q4js\.trae\tools\gradle\latest\bin
USERNAME=agste_765q4js
OS=Windows_NT
PROCESSOR_IDENTIFIER=AMD64 Family 25 Model 80 Stepping 0, AuthenticAMD
TMP=C:\Users\AGSTE_~1\AppData\Local\Temp
TEMP=C:\Users\AGSTE_~1\AppData\Local\Temp




Periodic native trim disabled

---------------  S Y S T E M  ---------------

OS:
 Windows 11 , 64 bit Build 26100 (10.0.26100.3912)
OS uptime: 0 days 22:39 hours
Hyper-V role detected

CPU: total 12 (initial active 12) (12 cores per cpu, 2 threads per core) family 25 model 80 stepping 0 microcode 0xa50000d, cx8, cmov, fxsr, ht, mmx, 3dnowpref, sse, sse2, sse3, ssse3, sse4a, sse4.1, sse4.2, popcnt, lzcnt, tsc, tscinvbit, avx, avx2, aes, erms, clmul, bmi1, bmi2, adx, sha, fma, vzeroupper, clflush, clflushopt, hv, rdtscp, rdpid, fsrm, f16c, cet_ss
Processor Information for all 12 processors :
  Max Mhz: 3901, Current Mhz: 3901, Mhz Limit: 3901

Memory: 4k page, system-wide physical 32147M (16646M free)
TotalPageFile size 34195M (AvailPageFile size 15042M)
current process WorkingSet (physical memory assigned to process): 27M, peak: 27M
current process commit charge ("private bytes"): 592M, peak: 592M

vm_info: Java HotSpot(TM) 64-Bit Server VM (21.0.7+8-LTS-245) for windows-amd64 JRE (21.0.7+8-LTS-245), built on 2025-02-21T05:11:27Z by "mach5one" with MS VC++ 17.6 (VS2022)

END.
