#
# A fatal error has been detected by the Java Runtime Environment:
#
#  EXCEPTION_ACCESS_VIOLATION (0xc0000005) at pc=0x00007ffc0d8ec58e, pid=16572, tid=17436
#
# JRE version:  (21.0.7+8) (build )
# Java VM: Java HotSpot(TM) 64-Bit Server VM (21.0.7+8-LTS-245, mixed mode, sharing, tiered, compressed oops, compressed class ptrs, g1 gc, windows-amd64)
# Problematic frame:
# V  [jvm.dll+0x30c58e]
#
# No core dump will be written. Minidumps are not enabled by default on client versions of Windows
#
#

---------------  S U M M A R Y ------------

Command Line: -Dclassworlds.conf=C:\Users\agste_765q4js\.m2\wrapper\dists\apache-maven-3.9.9\977a63e90f436cd6ade95b4c0e10c20c\bin\m2.conf -Dmaven.home=C:\Users\agste_765q4js\.m2\wrapper\dists\apache-maven-3.9.9\977a63e90f436cd6ade95b4c0e10c20c -Dlibrary.jansi.path=C:\Users\agste_765q4js\.m2\wrapper\dists\apache-maven-3.9.9\977a63e90f436cd6ade95b4c0e10c20c\lib\jansi-native -Dmaven.multiModuleProjectDirectory=C:\Gerenciamento_de_estoque org.codehaus.plexus.classworlds.launcher.Launcher -DskipTests package

Host: AMD Ryzen 5 5600G with Radeon Graphics         , 12 cores, 31G,  Windows 11 , 64 bit Build 26100 (10.0.26100.4768)
Time: Fri Aug 29 22:19:05 2025 Hora oficial do Brasil elapsed time: 0.037222 seconds (0d 0h 0m 0s)

---------------  T H R E A D  ---------------

Current thread (0x000001395346f7f0):  JavaThread "Unknown thread" [_thread_in_vm, id=17436, stack(0x0000001db7e00000,0x0000001db7f00000) (1024K)]

Stack: [0x0000001db7e00000,0x0000001db7f00000],  sp=0x0000001db7efef40,  free space=1019k
Native frames: (J=compiled Java code, j=interpreted, Vv=VM code, C=native code)
V  [jvm.dll+0x30c58e]
V  [jvm.dll+0x30ced8]
V  [jvm.dll+0x675369]
V  [jvm.dll+0x675599]
V  [jvm.dll+0x674951]
V  [jvm.dll+0x670108]
V  [jvm.dll+0x81eb45]
V  [jvm.dll+0x3bb211]
V  [jvm.dll+0x807d78]
V  [jvm.dll+0x4503ee]
V  [jvm.dll+0x451fe1]
C  [jli.dll+0x52a3]
C  [ucrtbase.dll+0x37b0]
C  [KERNEL32.DLL+0x2e8d7]
C  [ntdll.dll+0x3c34c]


siginfo: EXCEPTION_ACCESS_VIOLATION (0xc0000005), reading address 0x0000000000000000


Registers:
RAX=0x0000b40d97f3bcfc, RBX=0x0000000000000000, RCX=0x0000000000000000, RDX=0x0000000000000001
RSP=0x0000001db7efef40, RBP=0x0000000000000001, RSI=0x00000139003b6070, RDI=0x0000013970869c50
R8 =0x0000000000000001, R9 =0x0000000000000001, R10=0x0000000000000000, R11=0x0000000000000246
R12=0x0000000000000000, R13=0x0000013952f6c420, R14=0x0000000000000001, R15=0x0000013900000000
RIP=0x00007ffc0d8ec58e, EFLAGS=0x0000000000010246


Top of Stack: (sp=0x0000001db7efef40)
0x0000001db7efef40:   0000000800c90000 0000013900000000
0x0000001db7efef50:   0000013900c90000 0000013100000000
0x0000001db7efef60:   0000013900000000 0000000000000001
0x0000001db7efef70:   0000001db7eff080 0000000000000000
0x0000001db7efef80:   0000b40d97f3bd0c 0000013100000000
0x0000001db7efef90:   0000b40d97f3bcfc 0000001db7eff1d0
0x0000001db7efefa0:   0000013970869c50 00007ffc0d8eced8
0x0000001db7efefb0:   0000013900000000 0000000000000000
0x0000001db7efefc0:   0000000000000000 0000000000000000
0x0000001db7efefd0:   0000013900000000 0000000001000000
0x0000001db7efefe0:   0000000000000000 0000000000010000
0x0000001db7efeff0:   0000000000001000 ffffffff52f50000
0x0000001db7eff000:   0000000000000000 0000000000000274
0x0000001db7eff010:   0000b40d97f3bc0c 0000000000000000
0x0000001db7eff020:   0000000000000000 00007ffc0dc67510
0x0000001db7eff030:   0000000000000000 0000013970869c50
0x0000001db7eff040:   0000001db7eff1d0 00007ffc0dc55369
0x0000001db7eff050:   0000000000000002 00007ffc0e1aa370
0x0000001db7eff060:   0000013970869c50 0000013970869c50
0x0000001db7eff070:   0000001db7eff080 0000000000001000
0x0000001db7eff080:   0000013900000000 0000000001000000
0x0000001db7eff090:   0000000000000000 0000000000010000
0x0000001db7eff0a0:   0000000000001000 ffffffff52f50000
0x0000001db7eff0b0:   0000000000000000 0000013970869c50
0x0000001db7eff0c0:   0000000000000000 00007ffc0dc55599
0x0000001db7eff0d0:   0000000000000000 0000000001000000
0x0000001db7eff0e0:   0000013952f8a1c0 0000000000000000
0x0000001db7eff0f0:   0000001db7eff100 0000001db7eff138
0x0000001db7eff100:   0000013900000000 0000000001000000
0x0000001db7eff110:   0000000000000000 0000000000010000
0x0000001db7eff120:   0000000000001000 ffffffff52f50000
0x0000001db7eff130:   0000000000000000 0000013901000000 

Instructions: (pc=0x00007ffc0d8ec58e)
0x00007ffc0d8ec48e:   e8 8d 95 db ff 48 8b 05 86 98 90 00 48 85 c0 74
0x00007ffc0d8ec49e:   1b 44 0f b6 83 a9 01 00 00 48 8d 0d e2 2d 6c 00
0x00007ffc0d8ec4ae:   0f b6 93 a8 01 00 00 e8 d6 46 db ff 0f b6 05 0c
0x00007ffc0d8ec4be:   91 91 00 38 83 a8 01 00 00 75 67 0f b6 05 ea 20
0x00007ffc0d8ec4ce:   8b 00 38 83 a9 01 00 00 75 58 80 bb 01 03 00 00
0x00007ffc0d8ec4de:   00 75 1f 48 8b 05 38 98 90 00 c6 05 31 de 8b 00
0x00007ffc0d8ec4ee:   00 48 85 c0 74 0c 48 8d 0d 95 2e 6c 00 e8 90 46
0x00007ffc0d8ec4fe:   db ff 80 bb 02 03 00 00 00 75 1f 48 8b 05 10 98
0x00007ffc0d8ec50e:   90 00 c6 05 0a de 8b 00 00 48 85 c0 74 0c 48 8d
0x00007ffc0d8ec51e:   0d dd 2e 6c 00 e8 68 46 db ff b0 01 48 83 c4 20
0x00007ffc0d8ec52e:   5b c3 48 8b 05 e9 97 90 00 48 85 c0 74 0c 48 8d
0x00007ffc0d8ec53e:   0d ad 2d 6c 00 e8 48 46 db ff 32 c0 48 83 c4 20
0x00007ffc0d8ec54e:   5b c3 48 89 5c 24 10 48 89 6c 24 18 48 89 74 24
0x00007ffc0d8ec55e:   20 57 48 83 ec 60 48 8b 05 ad b4 8d 00 48 33 c4
0x00007ffc0d8ec56e:   48 89 44 24 50 80 3d 56 1b 8b 00 00 0f b6 ea 48
0x00007ffc0d8ec57e:   8b f1 74 17 80 39 00 75 12 48 8b 0d 3a de 90 00
0x00007ffc0d8ec58e:   48 8b 01 ff 50 20 48 8b d8 eb 08 48 8b 59 18 48
0x00007ffc0d8ec59e:   83 c3 04 48 8b 05 18 df 90 00 40 b7 01 48 85 c0
0x00007ffc0d8ec5ae:   74 0f 48 8b d3 48 8d 0d ee 16 6c 00 e8 c1 e5 f0
0x00007ffc0d8ec5be:   ff 48 8d 54 24 20 48 8b cb e8 94 cc 3b 00 85 c0
0x00007ffc0d8ec5ce:   74 28 40 84 ed 74 23 48 8b 05 4c 97 90 00 48 85
0x00007ffc0d8ec5de:   c0 74 47 48 8b d3 48 8d 0d e5 16 6c 00 e8 30 94
0x00007ffc0d8ec5ee:   db ff 40 32 ff e9 12 01 00 00 80 3e 02 75 33 48
0x00007ffc0d8ec5fe:   8b cb e8 ab 6d 3b 00 84 c0 0f 85 fd 00 00 00 48
0x00007ffc0d8ec60e:   8b 05 14 97 90 00 48 85 c0 74 0f 48 8b d3 48 8d
0x00007ffc0d8ec61e:   0d dd 16 6c 00 e8 f8 93 db ff 40 32 ff e9 da 00
0x00007ffc0d8ec62e:   00 00 48 8b 46 08 48 85 c0 74 07 48 3b 44 24 40
0x00007ffc0d8ec63e:   75 0f 48 63 44 24 34 48 39 46 10 0f 84 bb 00 00
0x00007ffc0d8ec64e:   00 48 8b 05 d2 96 90 00 40 32 ff 40 38 3d 6b 8f
0x00007ffc0d8ec65e:   91 00 74 2b 48 85 c0 0f 84 9f 00 00 00 48 8b 46
0x00007ffc0d8ec66e:   08 48 8d 15 aa 16 6c 00 48 3b 44 24 40 48 8d 0d
0x00007ffc0d8ec67e:   b6 16 6c 00 48 0f 45 ca e8 95 93 db ff eb 7d 48 



---------------  P R O C E S S  ---------------

Threads class SMR info:
_java_thread_list=0x00007ffc0e1acc48, length=0, elements={
}

Java Threads: ( => current thread )
Total: 0

Other Threads:
  0x0000013953506a00 WorkerThread "GC Thread#0"                     [id=14664, stack(0x0000001db7f00000,0x0000001db8000000) (1024K)]
  0x00000139535183a0 ConcurrentGCThread "G1 Main Marker"            [id=5900, stack(0x0000001db8000000,0x0000001db8100000) (1024K)]
  0x0000013953518ea0 WorkerThread "G1 Conc#0"                       [id=8180, stack(0x0000001db8100000,0x0000001db8200000) (1024K)]
  0x000001397085e3a0 ConcurrentGCThread "G1 Refine#0"               [id=17588, stack(0x0000001db8200000,0x0000001db8300000) (1024K)]
  0x000001397085ecc0 ConcurrentGCThread "G1 Service"                [id=21408, stack(0x0000001db8300000,0x0000001db8400000) (1024K)]

=>0x000001395346f7f0 (exited) JavaThread "Unknown thread"    [_thread_in_vm, id=17436, stack(0x0000001db7e00000,0x0000001db7f00000) (1024K)]
Total: 6

Threads with active compile tasks:
Total: 0

VM state: not at safepoint (not fully initialized)

VM Mutex/Monitor currently owned by a thread: None

Heap address: 0x0000000609800000, size: 8040 MB, Compressed Oops mode: Zero based, Oop shift amount: 3

CDS archive(s) mapped at: [0x0000000000000000-0x0000000000000000-0x0000000000000000), size 0, SharedBaseAddress: 0x0000000800000000, ArchiveRelocationMode: 1.
Narrow klass base: 0x0000000000000000, Narrow klass shift: 0, Narrow klass range: 0x0

GC Precious Log:
 CardTable entry size: 512
 Card Set container configuration: InlinePtr #cards 4 size 8 Array Of Cards #cards 32 size 80 Howl #buckets 8 coarsen threshold 7372 Howl Bitmap #cards 1024 size 144 coarsen threshold 921 Card regions per heap region 1 cards per card region 8192
 CPUs: 12 total, 12 available
 Memory: 32147M
 Large Page Support: Disabled
 NUMA Support: Disabled
 Compressed Oops: Enabled (Zero based)
 Heap Region Size: 4M
 Heap Min Capacity: 8M
 Heap Initial Capacity: 504M
 Heap Max Capacity: 8040M
 Pre-touch: Disabled
 Parallel Workers: 10
 Concurrent Workers: 3
 Concurrent Refinement Workers: 10
 Periodic GC: Disabled

Heap:
 garbage-first heap   total 516096K, used 0K [0x0000000609800000, 0x0000000800000000)
  region size 4096K, 0 young (0K), 0 survivors (0K)

[error occurred during error reporting (printing heap information), id 0xc0000005, EXCEPTION_ACCESS_VIOLATION (0xc0000005) at pc=0x00007ffc0dd03e79]
GC Heap History (0 events):
No events

Dll operation events (1 events):
Event: 0.019 Loaded shared library C:\Gerenciamento_de_estoque\jdk-21_windows-x64_bin\jdk-21.0.7\bin\java.dll

Deoptimization events (0 events):
No events

Classes loaded (0 events):
No events

Classes unloaded (0 events):
No events

Classes redefined (0 events):
No events

Internal exceptions (0 events):
No events

ZGC Phase Switch (0 events):
No events

VM Operations (0 events):
No events

Events (0 events):
No events


Dynamic libraries:
0x00007ff691f60000 - 0x00007ff691f70000 	C:\Gerenciamento_de_estoque\jdk-21_windows-x64_bin\jdk-21.0.7\bin\java.exe
0x00007ffca2800000 - 0x00007ffca2a67000 	C:\WINDOWS\SYSTEM32\ntdll.dll
0x00007ffca14c0000 - 0x00007ffca1589000 	C:\WINDOWS\System32\KERNEL32.DLL
0x00007ffc9fc00000 - 0x00007ffc9fff0000 	C:\WINDOWS\System32\KERNELBASE.dll
0x00007ffc9f930000 - 0x00007ffc9fa7b000 	C:\WINDOWS\System32\ucrtbase.dll
0x00007ffc8e0c0000 - 0x00007ffc8e0d9000 	C:\Gerenciamento_de_estoque\jdk-21_windows-x64_bin\jdk-21.0.7\bin\jli.dll
0x00007ffca1f20000 - 0x00007ffca1fd4000 	C:\WINDOWS\System32\ADVAPI32.dll
0x00007ffc8e070000 - 0x00007ffc8e08b000 	C:\Gerenciamento_de_estoque\jdk-21_windows-x64_bin\jdk-21.0.7\bin\VCRUNTIME140.dll
0x00007ffca1850000 - 0x00007ffca18f9000 	C:\WINDOWS\System32\msvcrt.dll
0x00007ffca0b90000 - 0x00007ffca0c36000 	C:\WINDOWS\System32\sechost.dll
0x00007ffca0d50000 - 0x00007ffca0e68000 	C:\WINDOWS\System32\RPCRT4.dll
0x00007ffca1d20000 - 0x00007ffca1ee5000 	C:\WINDOWS\System32\USER32.dll
0x00007ffc9fa80000 - 0x00007ffc9faa7000 	C:\WINDOWS\System32\win32u.dll
0x00007ffca2790000 - 0x00007ffca27bb000 	C:\WINDOWS\System32\GDI32.dll
0x00007ffc8fe30000 - 0x00007ffc900ca000 	C:\WINDOWS\WinSxS\amd64_microsoft.windows.common-controls_6595b64144ccf1df_6.0.26100.4768_none_3e0c112ce331287c\COMCTL32.dll
0x00007ffca0300000 - 0x00007ffca0438000 	C:\WINDOWS\System32\gdi32full.dll
0x00007ffca0440000 - 0x00007ffca04e3000 	C:\WINDOWS\System32\msvcp_win.dll
0x00007ffc99940000 - 0x00007ffc9994b000 	C:\WINDOWS\SYSTEM32\VERSION.dll
0x00007ffca0e70000 - 0x00007ffca0e9f000 	C:\WINDOWS\System32\IMM32.DLL
0x00007ffc8e0b0000 - 0x00007ffc8e0bc000 	C:\Gerenciamento_de_estoque\jdk-21_windows-x64_bin\jdk-21.0.7\bin\vcruntime140_1.dll
0x00007ffc6b160000 - 0x00007ffc6b1ee000 	C:\Gerenciamento_de_estoque\jdk-21_windows-x64_bin\jdk-21.0.7\bin\msvcp140.dll
0x00007ffc0d5e0000 - 0x00007ffc0e2fa000 	C:\Gerenciamento_de_estoque\jdk-21_windows-x64_bin\jdk-21.0.7\bin\server\jvm.dll
0x00007ffca0fa0000 - 0x00007ffca1014000 	C:\WINDOWS\System32\WS2_32.dll
0x00007ffc9ec50000 - 0x00007ffc9ecae000 	C:\WINDOWS\SYSTEM32\POWRPROF.dll
0x00007ffc99380000 - 0x00007ffc993b5000 	C:\WINDOWS\SYSTEM32\WINMM.dll
0x00007ffc9ec10000 - 0x00007ffc9ec24000 	C:\WINDOWS\SYSTEM32\UMPDC.dll
0x00007ffc9e6b0000 - 0x00007ffc9e6cb000 	C:\WINDOWS\SYSTEM32\kernel.appcore.dll
0x00007ffc8d880000 - 0x00007ffc8d88a000 	C:\Gerenciamento_de_estoque\jdk-21_windows-x64_bin\jdk-21.0.7\bin\jimage.dll
0x00007ffc95f30000 - 0x00007ffc96171000 	C:\WINDOWS\SYSTEM32\DBGHELP.DLL
0x00007ffca1900000 - 0x00007ffca1c85000 	C:\WINDOWS\System32\combase.dll
0x00007ffca0eb0000 - 0x00007ffca0f90000 	C:\WINDOWS\System32\OLEAUT32.dll
0x00007ffc88d30000 - 0x00007ffc88d73000 	C:\WINDOWS\SYSTEM32\dbgcore.DLL
0x00007ffca04f0000 - 0x00007ffca0589000 	C:\WINDOWS\System32\bcryptPrimitives.dll
0x00007ffc8d860000 - 0x00007ffc8d87f000 	C:\Gerenciamento_de_estoque\jdk-21_windows-x64_bin\jdk-21.0.7\bin\java.dll

dbghelp: loaded successfully - version: 4.0.5 - missing functions: none
symbol engine: initialized successfully - sym options: 0x614 - pdb path: .;C:\Gerenciamento_de_estoque\jdk-21_windows-x64_bin\jdk-21.0.7\bin;C:\WINDOWS\SYSTEM32;C:\WINDOWS\WinSxS\amd64_microsoft.windows.common-controls_6595b64144ccf1df_6.0.26100.4768_none_3e0c112ce331287c;C:\Gerenciamento_de_estoque\jdk-21_windows-x64_bin\jdk-21.0.7\bin\server

VM Arguments:
jvm_args: -Dclassworlds.conf=C:\Users\agste_765q4js\.m2\wrapper\dists\apache-maven-3.9.9\977a63e90f436cd6ade95b4c0e10c20c\bin\m2.conf -Dmaven.home=C:\Users\agste_765q4js\.m2\wrapper\dists\apache-maven-3.9.9\977a63e90f436cd6ade95b4c0e10c20c -Dlibrary.jansi.path=C:\Users\agste_765q4js\.m2\wrapper\dists\apache-maven-3.9.9\977a63e90f436cd6ade95b4c0e10c20c\lib\jansi-native -Dmaven.multiModuleProjectDirectory=C:\Gerenciamento_de_estoque 
java_command: org.codehaus.plexus.classworlds.launcher.Launcher -DskipTests package
java_class_path (initial): C:\Users\agste_765q4js\.m2\wrapper\dists\apache-maven-3.9.9\977a63e90f436cd6ade95b4c0e10c20c\boot\plexus-classworlds-2.8.0.jar
Launcher Type: SUN_STANDARD

[Global flags]
     intx CICompilerCount                          = 4                                         {product} {ergonomic}
     uint ConcGCThreads                            = 3                                         {product} {ergonomic}
     uint G1ConcRefinementThreads                  = 10                                        {product} {ergonomic}
   size_t G1HeapRegionSize                         = 4194304                                   {product} {ergonomic}
    uintx GCDrainStackTargetSize                   = 64                                        {product} {ergonomic}
   size_t InitialHeapSize                          = 528482304                                 {product} {ergonomic}
   size_t MarkStackSize                            = 4194304                                   {product} {ergonomic}
   size_t MaxHeapSize                              = 8430551040                                {product} {ergonomic}
   size_t MaxNewSize                               = 5058330624                                {product} {ergonomic}
   size_t MinHeapDeltaBytes                        = 4194304                                   {product} {ergonomic}
   size_t MinHeapSize                              = 8388608                                   {product} {ergonomic}
    uintx NonNMethodCodeHeapSize                   = 5839372                                {pd product} {ergonomic}
    uintx NonProfiledCodeHeapSize                  = 122909434                              {pd product} {ergonomic}
    uintx ProfiledCodeHeapSize                     = 122909434                              {pd product} {ergonomic}
    uintx ReservedCodeCacheSize                    = 251658240                              {pd product} {ergonomic}
     bool SegmentedCodeCache                       = true                                      {product} {ergonomic}
   size_t SoftMaxHeapSize                          = 8430551040                             {manageable} {ergonomic}
     bool UseCompressedOops                        = true                           {product lp64_product} {ergonomic}
     bool UseG1GC                                  = true                                      {product} {ergonomic}
     bool UseLargePagesIndividualAllocation        = false                                  {pd product} {ergonomic}

Logging:
Log output configuration:
 #0: stdout all=warning uptime,level,tags foldmultilines=false
 #1: stderr all=off uptime,level,tags foldmultilines=false

Environment Variables:
JAVA_HOME=C:\Gerenciamento_de_estoque\jdk-21_windows-x64_bin\jdk-21.0.7
PATH=C:\Gerenciamento_de_estoque\jdk-21_windows-x64_bin\jdk-21.0.7\bin;C:\Program Files\Common Files\Oracle\Java\javapath;C:\WINDOWS\system32;C:\WINDOWS;C:\WINDOWS\System32\Wbem;C:\WINDOWS\System32\WindowsPowerShell\v1.0\;C:\WINDOWS\System32\OpenSSH\;C:\Program Files\Git LFS;C:\Program Files\Git\cmd;d:\cursor\resources\app\bin;C:\Program Files\nodejs\;C:\Users\agste_765q4js\AppData\Local\Microsoft\WindowsApps;C:\Users\agste_765q4js\AppData\Local\Programs\Microsoft VS Code\bin;C:\Users\agste_765q4js\AppData\Roaming\npm;C:\Users\agste_765q4js\AppData\Local\Programs\cursor\resources\app\bin;C:\Program Files\JetBrains\IntelliJ IDEA Community Edition 2025.2\bin
USERNAME=agste_765q4js
OS=Windows_NT
PROCESSOR_IDENTIFIER=AMD64 Family 25 Model 80 Stepping 0, AuthenticAMD
TMP=C:\Users\AGSTE_~1\AppData\Local\Temp
TEMP=C:\Users\AGSTE_~1\AppData\Local\Temp




Periodic native trim disabled

---------------  S Y S T E M  ---------------

OS:
 Windows 11 , 64 bit Build 26100 (10.0.26100.4768)
OS uptime: 3 days 0:10 hours

CPU: total 12 (initial active 12) (12 cores per cpu, 2 threads per core) family 25 model 80 stepping 0 microcode 0xa50000d, cx8, cmov, fxsr, ht, mmx, 3dnowpref, sse, sse2, sse3, ssse3, sse4a, sse4.1, sse4.2, popcnt, lzcnt, tsc, tscinvbit, avx, avx2, aes, erms, clmul, bmi1, bmi2, adx, sha, fma, vzeroupper, clflush, clflushopt, rdtscp, rdpid, fsrm, f16c, pku, cet_ss
Processor Information for all 12 processors :
  Max Mhz: 3901, Current Mhz: 3901, Mhz Limit: 3901

Memory: 4k page, system-wide physical 32147M (19190M free)
TotalPageFile size 34195M (AvailPageFile size 19215M)
current process WorkingSet (physical memory assigned to process): 27M, peak: 27M
current process commit charge ("private bytes"): 592M, peak: 592M

vm_info: Java HotSpot(TM) 64-Bit Server VM (21.0.7+8-LTS-245) for windows-amd64 JRE (21.0.7+8-LTS-245), built on 2025-02-21T05:11:27Z by "mach5one" with MS VC++ 17.6 (VS2022)

END.
